Determining if the pthread_create exist failed with the following output:
Change Dir: /u/saroj/GITHUB/Facial_Key_Regions_Detection/build/CMakeFiles/CMakeTmp

Run Build Command:"/usr/bin/make" "cmTC_bda8f/fast"
/usr/bin/make -f CMakeFiles/cmTC_bda8f.dir/build.make CMakeFiles/cmTC_bda8f.dir/build
make[1]: Entering directory '/u/saroj/GITHUB/Facial_Key_Regions_Detection/build/CMakeFiles/CMakeTmp'
Building C object CMakeFiles/cmTC_bda8f.dir/CheckSymbolExists.c.o
/usr/bin/cc    -fPIC    -o CMakeFiles/cmTC_bda8f.dir/CheckSymbolExists.c.o   -c /u/saroj/GITHUB/Facial_Key_Regions_Detection/build/CMakeFiles/CMakeTmp/CheckSymbolExists.c
Linking C executable cmTC_bda8f
/usr/bin/cmake -E cmake_link_script CMakeFiles/cmTC_bda8f.dir/link.txt --verbose=1
/usr/bin/cc  -fPIC     CMakeFiles/cmTC_bda8f.dir/CheckSymbolExists.c.o  -o cmTC_bda8f -rdynamic 
CMakeFiles/cmTC_bda8f.dir/CheckSymbolExists.c.o: In function `main':
CheckSymbolExists.c:(.text+0x1b): undefined reference to `pthread_create'
collect2: error: ld returned 1 exit status
CMakeFiles/cmTC_bda8f.dir/build.make:97: recipe for target 'cmTC_bda8f' failed
make[1]: *** [cmTC_bda8f] Error 1
make[1]: Leaving directory '/u/saroj/GITHUB/Facial_Key_Regions_Detection/build/CMakeFiles/CMakeTmp'
Makefile:126: recipe for target 'cmTC_bda8f/fast' failed
make: *** [cmTC_bda8f/fast] Error 2

File /u/saroj/GITHUB/Facial_Key_Regions_Detection/build/CMakeFiles/CMakeTmp/CheckSymbolExists.c:
/* */
#include <pthread.h>

int main(int argc, char** argv)
{
  (void)argv;
#ifndef pthread_create
  return ((int*)(&pthread_create))[argc];
#else
  (void)argc;
  return 0;
#endif
}

Determining if the function pthread_create exists in the pthreads failed with the following output:
Change Dir: /u/saroj/GITHUB/Facial_Key_Regions_Detection/build/CMakeFiles/CMakeTmp

Run Build Command:"/usr/bin/make" "cmTC_a009a/fast"
/usr/bin/make -f CMakeFiles/cmTC_a009a.dir/build.make CMakeFiles/cmTC_a009a.dir/build
make[1]: Entering directory '/u/saroj/GITHUB/Facial_Key_Regions_Detection/build/CMakeFiles/CMakeTmp'
Building C object CMakeFiles/cmTC_a009a.dir/CheckFunctionExists.c.o
/usr/bin/cc    -fPIC -DCHECK_FUNCTION_EXISTS=pthread_create   -o CMakeFiles/cmTC_a009a.dir/CheckFunctionExists.c.o   -c /usr/share/cmake-3.5/Modules/CheckFunctionExists.c
Linking C executable cmTC_a009a
/usr/bin/cmake -E cmake_link_script CMakeFiles/cmTC_a009a.dir/link.txt --verbose=1
/usr/bin/cc  -fPIC -DCHECK_FUNCTION_EXISTS=pthread_create    CMakeFiles/cmTC_a009a.dir/CheckFunctionExists.c.o  -o cmTC_a009a -rdynamic -lpthreads 
/usr/bin/ld: cannot find -lpthreads
collect2: error: ld returned 1 exit status
CMakeFiles/cmTC_a009a.dir/build.make:97: recipe for target 'cmTC_a009a' failed
make[1]: *** [cmTC_a009a] Error 1
make[1]: Leaving directory '/u/saroj/GITHUB/Facial_Key_Regions_Detection/build/CMakeFiles/CMakeTmp'
Makefile:126: recipe for target 'cmTC_a009a/fast' failed
make: *** [cmTC_a009a/fast] Error 2


